<?xml version="1.0" encoding="UTF-8"?>
<!-- Generated by org.testng.reporters.JUnitReportReporter -->
<testsuite hostname="HARVI" failures="0" tests="1" name="TestRunner.TestRunner" time="5.272" errors="0" timestamp="2024-12-11T11:08:13 IST" skipped="0">
  <testcase classname="TestRunner.TestRunner" name="runScenario" time="5.272"/>
</testsuite> <!-- TestRunner.TestRunner -->
