<?xml version="1.0" encoding="UTF-8"?>
<!-- Generated by org.testng.reporters.JUnitReportReporter -->
<testsuite hostname="HARVI" failures="0" tests="1" name="TestRunner.TestRunner_forTagsUnderstanding" time="0.045" errors="0" timestamp="2024-12-11T11:48:34 IST" skipped="0">
  <testcase classname="TestRunner.TestRunner_forTagsUnderstanding" name="runScenario" time="0.045"/>
</testsuite> <!-- TestRunner.TestRunner_forTagsUnderstanding -->
